1695524990148:findAllBooks
1695525014466:find-all-books
1695525076611:help
1695525091392:stacktrace
1695525464747:find-all-books
1695525483086:save-book
1695525510129:save-book abc wolber 2023
1695525519152:find-all-books
1700428656728:????????????????????????Intelij????????????????????React??????????????????????????????????????????
1700466477183:y
1700601843424:find-all-books
1700601880483:save-book "Abb" "Him" 1967 x098
1700613450083:save-book "zazi" "wolber" 2020 x19
1700613457569:find-all-books
1700613477942:save-book booklet me 1999 x20
1700613483138:find-all-books
1700613486961:help
1700613617382:hrlp
1700613621191:help
1700613630849:find-by-user-id x20
